<?xml version="1.0" encoding="UTF-8"?>
<!-- Generated by org.testng.reporters.JUnitReportReporter -->
<testsuite hostname="sony-PC" failures="0" tests="4" name="com.testng.DemoBlaze_Testng" time="3.767" errors="0" timestamp="2023-09-28T13:09:27 IST" skipped="0">
  <testcase classname="com.testng.DemoBlaze_Testng" name="launchBrowser" time="3.042"/>
  <system-out/>
  <testcase classname="com.testng.DemoBlaze_Testng" name="clicklogin" time="0.128"/>
  <system-out/>
  <testcase classname="com.testng.DemoBlaze_Testng" name="loginForm" time="0.474"/>
  <system-out/>
  <testcase classname="com.testng.DemoBlaze_Testng" name="verification" time="0.123"/>
  <system-out/>
</testsuite> <!-- com.testng.DemoBlaze_Testng -->
