<?xml version="1.0" encoding="UTF-8"?>
<!-- Generated by org.testng.reporters.JUnitReportReporter -->
<testsuite hostname="sony-PC" failures="0" tests="3" name="com.testng.DemoBlaze_Testng" time="9.317" errors="0" timestamp="2023-09-28T09:48:59 IST" skipped="0">
  <testcase classname="com.testng.DemoBlaze_Testng" name="launchBrowser" time="8.849"/>
  <system-out/>
  <testcase classname="com.testng.DemoBlaze_Testng" name="clickSignUp" time="0.179"/>
  <system-out/>
  <testcase classname="com.testng.DemoBlaze_Testng" name="signUpForm" time="0.289"/>
  <system-out/>
</testsuite> <!-- com.testng.DemoBlaze_Testng -->
